C51 COMPILER V9.59.0.0   INIT_DEVICE                                                       05/10/2020 22:45:24 PAGE 1   


C51 COMPILER V9.59.0.0, COMPILATION OF MODULE INIT_DEVICE
OBJECT MODULE PLACED IN .\Objects\Init_Device.obj
COMPILER INVOKED BY: C:\Keil_v5\C51\BIN\C51.EXE Init_Device.c OPTIMIZE(8,SPEED) BROWSE DEBUG OBJECTEXTEND PRINT(.\Listin
                    -gs\Init_Device.lst) TABS(2) OBJECT(.\Objects\Init_Device.obj)

line level    source

   1          #include <REG51F380.H>
   2          
   3          
   4          
   5          


MODULE INFORMATION:   STATIC OVERLAYABLE
   CODE SIZE        =   ----    ----
   CONSTANT SIZE    =   ----    ----
   XDATA SIZE       =   ----    ----
   PDATA SIZE       =   ----    ----
   DATA SIZE        =   ----    ----
   IDATA SIZE       =   ----    ----
   BIT SIZE         =   ----    ----
END OF MODULE INFORMATION.


C51 COMPILATION COMPLETE.  0 WARNING(S),  0 ERROR(S)
